<?xml version="1.0" encoding="UTF-8"?>
<!-- Generated by org.testng.reporters.JUnitXMLReporter -->
<testsuite hostname="PC04" name="translate_test" tests="8" failures="4" timestamp="1 Apr 2016 09:40:16 GMT" time="7.937" errors="0">
  <testcase name="testTranslate" time="1.262" classname="hsenid.webapp.TranslatorTest"/>
  <testcase name="testTranslate" time="1.182" classname="hsenid.webapp.TranslatorTest"/>
  <testcase name="testTranslate" time="1.111" classname="hsenid.webapp.TranslatorTest"/>
  <testcase name="testTranslate" time="1.093" classname="hsenid.webapp.TranslatorTest"/>
  <testcase name="testTranslate" time="1.107" classname="hsenid.webapp.TranslatorTest">
    <failure type="java.lang.AssertionError" message="expected object to not be null">
      <![CDATA[java.lang.AssertionError: expected object to not be null
	at hsenid.webapp.TranslatorTest.testTranslate(TranslatorTest.java:50)
... Removed 30 stack frames]]>
    </failure>
  </testcase> <!-- testTranslate -->
  <testcase name="testTranslate" time="1.093" classname="hsenid.webapp.TranslatorTest">
    <failure type="java.lang.AssertionError" message="expected object to not be null">
      <![CDATA[java.lang.AssertionError: expected object to not be null
	at hsenid.webapp.TranslatorTest.testTranslate(TranslatorTest.java:50)
... Removed 30 stack frames]]>
    </failure>
  </testcase> <!-- testTranslate -->
  <testcase name="testTranslate" time="1.075" classname="hsenid.webapp.TranslatorTest">
    <failure type="java.lang.AssertionError" message="expected object to not be null">
      <![CDATA[java.lang.AssertionError: expected object to not be null
	at hsenid.webapp.TranslatorTest.testTranslate(TranslatorTest.java:50)
... Removed 30 stack frames]]>
    </failure>
  </testcase> <!-- testTranslate -->
  <testcase name="testTranslate" time="0.001" classname="hsenid.webapp.TranslatorTest">
    <failure type="java.lang.AssertionError" message="expected object to not be null">
      <![CDATA[java.lang.AssertionError: expected object to not be null
	at hsenid.webapp.TranslatorTest.testTranslate(TranslatorTest.java:50)
... Removed 30 stack frames]]>
    </failure>
  </testcase> <!-- testTranslate -->
</testsuite> <!-- translate_test -->
