<?xml version="1.0" encoding="UTF-8"?>
<testng-results skipped="0" failed="4" total="29" passed="25">
  <reporter-output>
  </reporter-output>
  <suite name="TestSuite" duration-ms="8478" started-at="2016-04-01T09:40:08Z" finished-at="2016-04-01T09:40:16Z">
    <groups>
    </groups>
    <test name="login_test" duration-ms="534" started-at="2016-04-01T09:40:08Z" finished-at="2016-04-01T09:40:08Z">
      <class name="hsenid.webapp.LoginTest">
        <test-method status="PASS" signature="createCon()[pri:0, instance:hsenid.webapp.LoginTest@1e67b872]" name="createCon" is-config="true" duration-ms="473" started-at="2016-04-01T15:10:08Z" finished-at="2016-04-01T15:10:08Z">
          <reporter-output>
          </reporter-output>
        </test-method> <!-- createCon -->
        <test-method status="PASS" signature="testValidateByDB(java.lang.String, java.lang.String, boolean)[pri:0, instance:hsenid.webapp.LoginTest@1e67b872]" name="testValidateByDB" duration-ms="5" started-at="2016-04-01T15:10:08Z" data-provider="test1" finished-at="2016-04-01T15:10:08Z">
          <params>
            <param index="0">
              <value>
                <![CDATA[]]>
              </value>
            </param>
            <param index="1">
              <value>
                <![CDATA[]]>
              </value>
            </param>
            <param index="2">
              <value>
                <![CDATA[false]]>
              </value>
            </param>
          </params>
          <reporter-output>
          </reporter-output>
        </test-method> <!-- testValidateByDB -->
        <test-method status="PASS" signature="testValidateByDB(java.lang.String, java.lang.String, boolean)[pri:0, instance:hsenid.webapp.LoginTest@1e67b872]" name="testValidateByDB" duration-ms="0" started-at="2016-04-01T15:10:08Z" data-provider="test1" finished-at="2016-04-01T15:10:08Z">
          <params>
            <param index="0">
              <value>
                <![CDATA[]]>
              </value>
            </param>
            <param index="1">
              <value>
                <![CDATA[123]]>
              </value>
            </param>
            <param index="2">
              <value>
                <![CDATA[false]]>
              </value>
            </param>
          </params>
          <reporter-output>
          </reporter-output>
        </test-method> <!-- testValidateByDB -->
        <test-method status="PASS" signature="testValidateByDB(java.lang.String, java.lang.String, boolean)[pri:0, instance:hsenid.webapp.LoginTest@1e67b872]" name="testValidateByDB" duration-ms="1" started-at="2016-04-01T15:10:08Z" data-provider="test1" finished-at="2016-04-01T15:10:08Z">
          <params>
            <param index="0">
              <value>
                <![CDATA[ ]]>
              </value>
            </param>
            <param index="1">
              <value>
                <![CDATA[abc]]>
              </value>
            </param>
            <param index="2">
              <value>
                <![CDATA[false]]>
              </value>
            </param>
          </params>
          <reporter-output>
          </reporter-output>
        </test-method> <!-- testValidateByDB -->
        <test-method status="PASS" signature="testValidateByDB(java.lang.String, java.lang.String, boolean)[pri:0, instance:hsenid.webapp.LoginTest@1e67b872]" name="testValidateByDB" duration-ms="0" started-at="2016-04-01T15:10:08Z" data-provider="test1" finished-at="2016-04-01T15:10:08Z">
          <params>
            <param index="0">
              <value>
                <![CDATA[test]]>
              </value>
            </param>
            <param index="1">
              <value>
                <![CDATA[]]>
              </value>
            </param>
            <param index="2">
              <value>
                <![CDATA[false]]>
              </value>
            </param>
          </params>
          <reporter-output>
          </reporter-output>
        </test-method> <!-- testValidateByDB -->
        <test-method status="PASS" signature="testValidateByDB(java.lang.String, java.lang.String, boolean)[pri:0, instance:hsenid.webapp.LoginTest@1e67b872]" name="testValidateByDB" duration-ms="1" started-at="2016-04-01T15:10:08Z" data-provider="test1" finished-at="2016-04-01T15:10:08Z">
          <params>
            <param index="0">
              <value>
                <![CDATA[test]]>
              </value>
            </param>
            <param index="1">
              <value>
                <![CDATA[ ]]>
              </value>
            </param>
            <param index="2">
              <value>
                <![CDATA[false]]>
              </value>
            </param>
          </params>
          <reporter-output>
          </reporter-output>
        </test-method> <!-- testValidateByDB -->
        <test-method status="PASS" signature="testValidateByDB(java.lang.String, java.lang.String, boolean)[pri:0, instance:hsenid.webapp.LoginTest@1e67b872]" name="testValidateByDB" duration-ms="0" started-at="2016-04-01T15:10:08Z" data-provider="test1" finished-at="2016-04-01T15:10:08Z">
          <params>
            <param index="0">
              <value>
                <![CDATA[ ]]>
              </value>
            </param>
            <param index="1">
              <value>
                <![CDATA[ ]]>
              </value>
            </param>
            <param index="2">
              <value>
                <![CDATA[false]]>
              </value>
            </param>
          </params>
          <reporter-output>
          </reporter-output>
        </test-method> <!-- testValidateByDB -->
        <test-method status="PASS" signature="testValidateByDB(java.lang.String, java.lang.String, boolean)[pri:0, instance:hsenid.webapp.LoginTest@1e67b872]" name="testValidateByDB" duration-ms="1" started-at="2016-04-01T15:10:08Z" data-provider="test1" finished-at="2016-04-01T15:10:08Z">
          <params>
            <param index="0">
              <value>
                <![CDATA[test ]]>
              </value>
            </param>
            <param index="1">
              <value>
                <![CDATA[123]]>
              </value>
            </param>
            <param index="2">
              <value>
                <![CDATA[false]]>
              </value>
            </param>
          </params>
          <reporter-output>
          </reporter-output>
        </test-method> <!-- testValidateByDB -->
        <test-method status="PASS" signature="testValidateByDB(java.lang.String, java.lang.String, boolean)[pri:0, instance:hsenid.webapp.LoginTest@1e67b872]" name="testValidateByDB" duration-ms="0" started-at="2016-04-01T15:10:08Z" data-provider="test1" finished-at="2016-04-01T15:10:08Z">
          <params>
            <param index="0">
              <value>
                <![CDATA[test]]>
              </value>
            </param>
            <param index="1">
              <value>
                <![CDATA[123]]>
              </value>
            </param>
            <param index="2">
              <value>
                <![CDATA[true]]>
              </value>
            </param>
          </params>
          <reporter-output>
          </reporter-output>
        </test-method> <!-- testValidateByDB -->
        <test-method status="PASS" signature="testValidateByDB(java.lang.String, java.lang.String, boolean)[pri:0, instance:hsenid.webapp.LoginTest@1e67b872]" name="testValidateByDB" duration-ms="1" started-at="2016-04-01T15:10:08Z" data-provider="test1" finished-at="2016-04-01T15:10:08Z">
          <params>
            <param index="0">
              <value>
                <![CDATA[test ]]>
              </value>
            </param>
            <param index="1">
              <value>
                <![CDATA[ 123]]>
              </value>
            </param>
            <param index="2">
              <value>
                <![CDATA[false]]>
              </value>
            </param>
          </params>
          <reporter-output>
          </reporter-output>
        </test-method> <!-- testValidateByDB -->
        <test-method status="PASS" signature="testValidateByDB(java.lang.String, java.lang.String, boolean)[pri:0, instance:hsenid.webapp.LoginTest@1e67b872]" name="testValidateByDB" duration-ms="0" started-at="2016-04-01T15:10:08Z" data-provider="test1" finished-at="2016-04-01T15:10:08Z">
          <params>
            <param index="0">
              <value>
                <![CDATA[ test]]>
              </value>
            </param>
            <param index="1">
              <value>
                <![CDATA[123]]>
              </value>
            </param>
            <param index="2">
              <value>
                <![CDATA[false]]>
              </value>
            </param>
          </params>
          <reporter-output>
          </reporter-output>
        </test-method> <!-- testValidateByDB -->
        <test-method status="PASS" signature="testValidateByDB(java.lang.String, java.lang.String, boolean)[pri:0, instance:hsenid.webapp.LoginTest@1e67b872]" name="testValidateByDB" duration-ms="1" started-at="2016-04-01T15:10:08Z" data-provider="test1" finished-at="2016-04-01T15:10:08Z">
          <params>
            <param index="0">
              <value>
                <![CDATA[ test]]>
              </value>
            </param>
            <param index="1">
              <value>
                <![CDATA[ 123]]>
              </value>
            </param>
            <param index="2">
              <value>
                <![CDATA[false]]>
              </value>
            </param>
          </params>
          <reporter-output>
          </reporter-output>
        </test-method> <!-- testValidateByDB -->
        <test-method status="PASS" signature="testValidateByDB(java.lang.String, java.lang.String, boolean)[pri:0, instance:hsenid.webapp.LoginTest@1e67b872]" name="testValidateByDB" duration-ms="1" started-at="2016-04-01T15:10:08Z" data-provider="test1" finished-at="2016-04-01T15:10:08Z">
          <params>
            <param index="0">
              <value>
                <![CDATA[ test ]]>
              </value>
            </param>
            <param index="1">
              <value>
                <![CDATA[ 123 ]]>
              </value>
            </param>
            <param index="2">
              <value>
                <![CDATA[false]]>
              </value>
            </param>
          </params>
          <reporter-output>
          </reporter-output>
        </test-method> <!-- testValidateByDB -->
        <test-method status="PASS" signature="testValidateByDB(java.lang.String, java.lang.String, boolean)[pri:0, instance:hsenid.webapp.LoginTest@1e67b872]" name="testValidateByDB" duration-ms="2" started-at="2016-04-01T15:10:08Z" data-provider="test1" finished-at="2016-04-01T15:10:08Z">
          <params>
            <param index="0">
              <value>
                <![CDATA[kdm]]>
              </value>
            </param>
            <param index="1">
              <value>
                <![CDATA[abc]]>
              </value>
            </param>
            <param index="2">
              <value>
                <![CDATA[true]]>
              </value>
            </param>
          </params>
          <reporter-output>
          </reporter-output>
        </test-method> <!-- testValidateByDB -->
        <test-method status="PASS" signature="testValidateByDB(java.lang.String, java.lang.String, boolean)[pri:0, instance:hsenid.webapp.LoginTest@1e67b872]" name="testValidateByDB" duration-ms="0" started-at="2016-04-01T15:10:08Z" data-provider="test1" finished-at="2016-04-01T15:10:08Z">
          <params>
            <param index="0">
              <value>
                <![CDATA[tESt]]>
              </value>
            </param>
            <param index="1">
              <value>
                <![CDATA[123]]>
              </value>
            </param>
            <param index="2">
              <value>
                <![CDATA[false]]>
              </value>
            </param>
          </params>
          <reporter-output>
          </reporter-output>
        </test-method> <!-- testValidateByDB -->
        <test-method status="PASS" signature="testValidateByDB(java.lang.String, java.lang.String, boolean)[pri:0, instance:hsenid.webapp.LoginTest@1e67b872]" name="testValidateByDB" duration-ms="1" started-at="2016-04-01T15:10:08Z" data-provider="test1" finished-at="2016-04-01T15:10:08Z">
          <params>
            <param index="0">
              <value>
                <![CDATA[Kdm]]>
              </value>
            </param>
            <param index="1">
              <value>
                <![CDATA[abc]]>
              </value>
            </param>
            <param index="2">
              <value>
                <![CDATA[false]]>
              </value>
            </param>
          </params>
          <reporter-output>
          </reporter-output>
        </test-method> <!-- testValidateByDB -->
        <test-method status="PASS" signature="testValidateByDB(java.lang.String, java.lang.String, boolean)[pri:0, instance:hsenid.webapp.LoginTest@1e67b872]" name="testValidateByDB" duration-ms="1" started-at="2016-04-01T15:10:08Z" data-provider="test1" finished-at="2016-04-01T15:10:08Z">
          <params>
            <param index="0">
              <value>
                <![CDATA[kdm]]>
              </value>
            </param>
            <param index="1">
              <value>
                <![CDATA[Abc]]>
              </value>
            </param>
            <param index="2">
              <value>
                <![CDATA[false]]>
              </value>
            </param>
          </params>
          <reporter-output>
          </reporter-output>
        </test-method> <!-- testValidateByDB -->
        <test-method status="PASS" signature="testValidateByDB(java.lang.String, java.lang.String, boolean)[pri:0, instance:hsenid.webapp.LoginTest@1e67b872]" name="testValidateByDB" duration-ms="1" started-at="2016-04-01T15:10:08Z" data-provider="test1" finished-at="2016-04-01T15:10:08Z">
          <params>
            <param index="0">
              <value>
                <![CDATA[KDM]]>
              </value>
            </param>
            <param index="1">
              <value>
                <![CDATA[ABC]]>
              </value>
            </param>
            <param index="2">
              <value>
                <![CDATA[false]]>
              </value>
            </param>
          </params>
          <reporter-output>
          </reporter-output>
        </test-method> <!-- testValidateByDB -->
        <test-method status="PASS" signature="testValidateByDB(java.lang.String, java.lang.String, boolean)[pri:0, instance:hsenid.webapp.LoginTest@1e67b872]" name="testValidateByDB" duration-ms="0" started-at="2016-04-01T15:10:08Z" data-provider="test1" finished-at="2016-04-01T15:10:08Z">
          <params>
            <param index="0">
              <value>
                <![CDATA[kdm]]>
              </value>
            </param>
            <param index="1">
              <value>
                <![CDATA[ABC]]>
              </value>
            </param>
            <param index="2">
              <value>
                <![CDATA[false]]>
              </value>
            </param>
          </params>
          <reporter-output>
          </reporter-output>
        </test-method> <!-- testValidateByDB -->
        <test-method status="PASS" signature="testValidateByDB(java.lang.String, java.lang.String, boolean)[pri:0, instance:hsenid.webapp.LoginTest@1e67b872]" name="testValidateByDB" duration-ms="1" started-at="2016-04-01T15:10:08Z" data-provider="test1" finished-at="2016-04-01T15:10:08Z">
          <params>
            <param index="0">
              <value>
                <![CDATA[KDM]]>
              </value>
            </param>
            <param index="1">
              <value>
                <![CDATA[abc]]>
              </value>
            </param>
            <param index="2">
              <value>
                <![CDATA[false]]>
              </value>
            </param>
          </params>
          <reporter-output>
          </reporter-output>
        </test-method> <!-- testValidateByDB -->
        <test-method status="PASS" signature="testValidateByDB(java.lang.String, java.lang.String, boolean)[pri:0, instance:hsenid.webapp.LoginTest@1e67b872]" name="testValidateByDB" duration-ms="1" started-at="2016-04-01T15:10:08Z" data-provider="test1" finished-at="2016-04-01T15:10:08Z">
          <params>
            <param index="0">
              <value>
                <![CDATA[123]]>
              </value>
            </param>
            <param index="1">
              <value>
                <![CDATA[test]]>
              </value>
            </param>
            <param index="2">
              <value>
                <![CDATA[false]]>
              </value>
            </param>
          </params>
          <reporter-output>
          </reporter-output>
        </test-method> <!-- testValidateByDB -->
        <test-method status="PASS" signature="testValidateByDB(java.lang.String, java.lang.String, boolean)[pri:0, instance:hsenid.webapp.LoginTest@1e67b872]" name="testValidateByDB" duration-ms="0" started-at="2016-04-01T15:10:08Z" data-provider="test1" finished-at="2016-04-01T15:10:08Z">
          <params>
            <param index="0">
              <value>
                <![CDATA[KDM]]>
              </value>
            </param>
            <param index="1">
              <value>
                <![CDATA[abc]]>
              </value>
            </param>
            <param index="2">
              <value>
                <![CDATA[false]]>
              </value>
            </param>
          </params>
          <reporter-output>
          </reporter-output>
        </test-method> <!-- testValidateByDB -->
        <test-method status="PASS" signature="closeCon()[pri:0, instance:hsenid.webapp.LoginTest@1e67b872]" name="closeCon" is-config="true" duration-ms="30" started-at="2016-04-01T15:10:08Z" finished-at="2016-04-01T15:10:08Z">
          <reporter-output>
          </reporter-output>
        </test-method> <!-- closeCon -->
      </class> <!-- hsenid.webapp.LoginTest -->
    </test> <!-- login_test -->
    <test name="translate_test" duration-ms="7937" started-at="2016-04-01T09:40:08Z" finished-at="2016-04-01T09:40:16Z">
      <class name="hsenid.webapp.TranslatorTest">
        <test-method status="PASS" signature="start()[pri:0, instance:hsenid.webapp.TranslatorTest@366e2eef]" name="start" is-config="true" duration-ms="0" started-at="2016-04-01T15:10:08Z" finished-at="2016-04-01T15:10:08Z">
          <reporter-output>
          </reporter-output>
        </test-method> <!-- start -->
        <test-method status="PASS" signature="testTranslate(java.lang.String, java.lang.String, java.lang.String, java.lang.String)[pri:0, instance:hsenid.webapp.TranslatorTest@366e2eef]" name="testTranslate" duration-ms="1262" started-at="2016-04-01T15:10:08Z" data-provider="trans_test" finished-at="2016-04-01T15:10:10Z">
          <params>
            <param index="0">
              <value>
                <![CDATA[en]]>
              </value>
            </param>
            <param index="1">
              <value>
                <![CDATA[fr]]>
              </value>
            </param>
            <param index="2">
              <value>
                <![CDATA[child]]>
              </value>
            </param>
            <param index="3">
              <value>
                <![CDATA[enfant]]>
              </value>
            </param>
          </params>
          <reporter-output>
          </reporter-output>
        </test-method> <!-- testTranslate -->
        <test-method status="PASS" signature="testTranslate(java.lang.String, java.lang.String, java.lang.String, java.lang.String)[pri:0, instance:hsenid.webapp.TranslatorTest@366e2eef]" name="testTranslate" duration-ms="1182" started-at="2016-04-01T15:10:10Z" data-provider="trans_test" finished-at="2016-04-01T15:10:11Z">
          <params>
            <param index="0">
              <value>
                <![CDATA[en]]>
              </value>
            </param>
            <param index="1">
              <value>
                <![CDATA[fr]]>
              </value>
            </param>
            <param index="2">
              <value>
                <![CDATA[]]>
              </value>
            </param>
            <param index="3">
              <value>
                <![CDATA[]]>
              </value>
            </param>
          </params>
          <reporter-output>
          </reporter-output>
        </test-method> <!-- testTranslate -->
        <test-method status="PASS" signature="testTranslate(java.lang.String, java.lang.String, java.lang.String, java.lang.String)[pri:0, instance:hsenid.webapp.TranslatorTest@366e2eef]" name="testTranslate" duration-ms="1111" started-at="2016-04-01T15:10:11Z" data-provider="trans_test" finished-at="2016-04-01T15:10:12Z">
          <params>
            <param index="0">
              <value>
                <![CDATA[en]]>
              </value>
            </param>
            <param index="1">
              <value>
                <![CDATA[fr]]>
              </value>
            </param>
            <param index="2">
              <value>
                <![CDATA[ ]]>
              </value>
            </param>
            <param index="3">
              <value>
                <![CDATA[]]>
              </value>
            </param>
          </params>
          <reporter-output>
          </reporter-output>
        </test-method> <!-- testTranslate -->
        <test-method status="PASS" signature="testTranslate(java.lang.String, java.lang.String, java.lang.String, java.lang.String)[pri:0, instance:hsenid.webapp.TranslatorTest@366e2eef]" name="testTranslate" duration-ms="1093" started-at="2016-04-01T15:10:12Z" data-provider="trans_test" finished-at="2016-04-01T15:10:13Z">
          <params>
            <param index="0">
              <value>
                <![CDATA[en]]>
              </value>
            </param>
            <param index="1">
              <value>
                <![CDATA[fr]]>
              </value>
            </param>
            <param index="2">
              <value>
                <![CDATA[ ]]>
              </value>
            </param>
            <param index="3">
              <value>
                <![CDATA[]]>
              </value>
            </param>
          </params>
          <reporter-output>
          </reporter-output>
        </test-method> <!-- testTranslate -->
        <test-method status="FAIL" signature="testTranslate(java.lang.String, java.lang.String, java.lang.String, java.lang.String)[pri:0, instance:hsenid.webapp.TranslatorTest@366e2eef]" name="testTranslate" duration-ms="1107" started-at="2016-04-01T15:10:13Z" data-provider="trans_test" finished-at="2016-04-01T15:10:14Z">
          <params>
            <param index="0">
              <value>
                <![CDATA[]]>
              </value>
            </param>
            <param index="1">
              <value>
                <![CDATA[fr]]>
              </value>
            </param>
            <param index="2">
              <value>
                <![CDATA[eee]]>
              </value>
            </param>
            <param index="3">
              <value>
                <![CDATA[java.lang.NullPointerException]]>
              </value>
            </param>
          </params>
          <exception class="java.lang.AssertionError">
            <message>
              <![CDATA[expected object to not be null]]>
            </message>
            <full-stacktrace>
              <![CDATA[java.lang.AssertionError: expected object to not be null
	at org.testng.Assert.fail(Assert.java:94)
	at org.testng.Assert.assertNotNull(Assert.java:406)
	at org.testng.Assert.assertNotNull(Assert.java:391)
	at hsenid.webapp.TranslatorTest.testTranslate(TranslatorTest.java:50)
	at sun.reflect.NativeMethodAccessorImpl.invoke0(Native Method)
	at sun.reflect.NativeMethodAccessorImpl.invoke(NativeMethodAccessorImpl.java:62)
	at sun.reflect.DelegatingMethodAccessorImpl.invoke(DelegatingMethodAccessorImpl.java:43)
	at java.lang.reflect.Method.invoke(Method.java:497)
	at org.testng.internal.MethodInvocationHelper.invokeMethod(MethodInvocationHelper.java:85)
	at org.testng.internal.Invoker.invokeMethod(Invoker.java:639)
	at org.testng.internal.Invoker.invokeTestMethod(Invoker.java:816)
	at org.testng.internal.Invoker.invokeTestMethods(Invoker.java:1124)
	at org.testng.internal.TestMethodWorker.invokeTestMethods(TestMethodWorker.java:125)
	at org.testng.internal.TestMethodWorker.run(TestMethodWorker.java:108)
	at org.testng.TestRunner.privateRun(TestRunner.java:774)
	at org.testng.TestRunner.run(TestRunner.java:624)
	at org.testng.SuiteRunner.runTest(SuiteRunner.java:359)
	at org.testng.SuiteRunner.runSequentially(SuiteRunner.java:354)
	at org.testng.SuiteRunner.privateRun(SuiteRunner.java:312)
	at org.testng.SuiteRunner.run(SuiteRunner.java:261)
	at org.testng.SuiteRunnerWorker.runSuite(SuiteRunnerWorker.java:52)
	at org.testng.SuiteRunnerWorker.run(SuiteRunnerWorker.java:86)
	at org.testng.TestNG.runSuitesSequentially(TestNG.java:1215)
	at org.testng.TestNG.runSuitesLocally(TestNG.java:1140)
	at org.testng.TestNG.run(TestNG.java:1048)
	at org.apache.maven.surefire.testng.TestNGExecutor.run(TestNGExecutor.java:281)
	at org.apache.maven.surefire.testng.TestNGXmlTestSuite.execute(TestNGXmlTestSuite.java:75)
	at org.apache.maven.surefire.testng.TestNGProvider.invoke(TestNGProvider.java:121)
	at org.apache.maven.surefire.booter.ForkedBooter.invokeProviderInSameClassLoader(ForkedBooter.java:290)
	at org.apache.maven.surefire.booter.ForkedBooter.runSuitesInProcess(ForkedBooter.java:242)
	at org.apache.maven.surefire.booter.ForkedBooter.main(ForkedBooter.java:121)
]]>
            </full-stacktrace>
          </exception> <!-- java.lang.AssertionError -->
          <reporter-output>
          </reporter-output>
        </test-method> <!-- testTranslate -->
        <test-method status="FAIL" signature="testTranslate(java.lang.String, java.lang.String, java.lang.String, java.lang.String)[pri:0, instance:hsenid.webapp.TranslatorTest@366e2eef]" name="testTranslate" duration-ms="1093" started-at="2016-04-01T15:10:14Z" data-provider="trans_test" finished-at="2016-04-01T15:10:15Z">
          <params>
            <param index="0">
              <value>
                <![CDATA[en]]>
              </value>
            </param>
            <param index="1">
              <value>
                <![CDATA[]]>
              </value>
            </param>
            <param index="2">
              <value>
                <![CDATA[eee]]>
              </value>
            </param>
            <param index="3">
              <value>
                <![CDATA[java.lang.NullPointerException]]>
              </value>
            </param>
          </params>
          <exception class="java.lang.AssertionError">
            <message>
              <![CDATA[expected object to not be null]]>
            </message>
            <full-stacktrace>
              <![CDATA[java.lang.AssertionError: expected object to not be null
	at org.testng.Assert.fail(Assert.java:94)
	at org.testng.Assert.assertNotNull(Assert.java:406)
	at org.testng.Assert.assertNotNull(Assert.java:391)
	at hsenid.webapp.TranslatorTest.testTranslate(TranslatorTest.java:50)
	at sun.reflect.NativeMethodAccessorImpl.invoke0(Native Method)
	at sun.reflect.NativeMethodAccessorImpl.invoke(NativeMethodAccessorImpl.java:62)
	at sun.reflect.DelegatingMethodAccessorImpl.invoke(DelegatingMethodAccessorImpl.java:43)
	at java.lang.reflect.Method.invoke(Method.java:497)
	at org.testng.internal.MethodInvocationHelper.invokeMethod(MethodInvocationHelper.java:85)
	at org.testng.internal.Invoker.invokeMethod(Invoker.java:639)
	at org.testng.internal.Invoker.invokeTestMethod(Invoker.java:816)
	at org.testng.internal.Invoker.invokeTestMethods(Invoker.java:1124)
	at org.testng.internal.TestMethodWorker.invokeTestMethods(TestMethodWorker.java:125)
	at org.testng.internal.TestMethodWorker.run(TestMethodWorker.java:108)
	at org.testng.TestRunner.privateRun(TestRunner.java:774)
	at org.testng.TestRunner.run(TestRunner.java:624)
	at org.testng.SuiteRunner.runTest(SuiteRunner.java:359)
	at org.testng.SuiteRunner.runSequentially(SuiteRunner.java:354)
	at org.testng.SuiteRunner.privateRun(SuiteRunner.java:312)
	at org.testng.SuiteRunner.run(SuiteRunner.java:261)
	at org.testng.SuiteRunnerWorker.runSuite(SuiteRunnerWorker.java:52)
	at org.testng.SuiteRunnerWorker.run(SuiteRunnerWorker.java:86)
	at org.testng.TestNG.runSuitesSequentially(TestNG.java:1215)
	at org.testng.TestNG.runSuitesLocally(TestNG.java:1140)
	at org.testng.TestNG.run(TestNG.java:1048)
	at org.apache.maven.surefire.testng.TestNGExecutor.run(TestNGExecutor.java:281)
	at org.apache.maven.surefire.testng.TestNGXmlTestSuite.execute(TestNGXmlTestSuite.java:75)
	at org.apache.maven.surefire.testng.TestNGProvider.invoke(TestNGProvider.java:121)
	at org.apache.maven.surefire.booter.ForkedBooter.invokeProviderInSameClassLoader(ForkedBooter.java:290)
	at org.apache.maven.surefire.booter.ForkedBooter.runSuitesInProcess(ForkedBooter.java:242)
	at org.apache.maven.surefire.booter.ForkedBooter.main(ForkedBooter.java:121)
]]>
            </full-stacktrace>
          </exception> <!-- java.lang.AssertionError -->
          <reporter-output>
          </reporter-output>
        </test-method> <!-- testTranslate -->
        <test-method status="FAIL" signature="testTranslate(java.lang.String, java.lang.String, java.lang.String, java.lang.String)[pri:0, instance:hsenid.webapp.TranslatorTest@366e2eef]" name="testTranslate" duration-ms="1075" started-at="2016-04-01T15:10:15Z" data-provider="trans_test" finished-at="2016-04-01T15:10:16Z">
          <params>
            <param index="0">
              <value>
                <![CDATA[]]>
              </value>
            </param>
            <param index="1">
              <value>
                <![CDATA[]]>
              </value>
            </param>
            <param index="2">
              <value>
                <![CDATA[eee]]>
              </value>
            </param>
            <param index="3">
              <value>
                <![CDATA[java.lang.NullPointerException]]>
              </value>
            </param>
          </params>
          <exception class="java.lang.AssertionError">
            <message>
              <![CDATA[expected object to not be null]]>
            </message>
            <full-stacktrace>
              <![CDATA[java.lang.AssertionError: expected object to not be null
	at org.testng.Assert.fail(Assert.java:94)
	at org.testng.Assert.assertNotNull(Assert.java:406)
	at org.testng.Assert.assertNotNull(Assert.java:391)
	at hsenid.webapp.TranslatorTest.testTranslate(TranslatorTest.java:50)
	at sun.reflect.NativeMethodAccessorImpl.invoke0(Native Method)
	at sun.reflect.NativeMethodAccessorImpl.invoke(NativeMethodAccessorImpl.java:62)
	at sun.reflect.DelegatingMethodAccessorImpl.invoke(DelegatingMethodAccessorImpl.java:43)
	at java.lang.reflect.Method.invoke(Method.java:497)
	at org.testng.internal.MethodInvocationHelper.invokeMethod(MethodInvocationHelper.java:85)
	at org.testng.internal.Invoker.invokeMethod(Invoker.java:639)
	at org.testng.internal.Invoker.invokeTestMethod(Invoker.java:816)
	at org.testng.internal.Invoker.invokeTestMethods(Invoker.java:1124)
	at org.testng.internal.TestMethodWorker.invokeTestMethods(TestMethodWorker.java:125)
	at org.testng.internal.TestMethodWorker.run(TestMethodWorker.java:108)
	at org.testng.TestRunner.privateRun(TestRunner.java:774)
	at org.testng.TestRunner.run(TestRunner.java:624)
	at org.testng.SuiteRunner.runTest(SuiteRunner.java:359)
	at org.testng.SuiteRunner.runSequentially(SuiteRunner.java:354)
	at org.testng.SuiteRunner.privateRun(SuiteRunner.java:312)
	at org.testng.SuiteRunner.run(SuiteRunner.java:261)
	at org.testng.SuiteRunnerWorker.runSuite(SuiteRunnerWorker.java:52)
	at org.testng.SuiteRunnerWorker.run(SuiteRunnerWorker.java:86)
	at org.testng.TestNG.runSuitesSequentially(TestNG.java:1215)
	at org.testng.TestNG.runSuitesLocally(TestNG.java:1140)
	at org.testng.TestNG.run(TestNG.java:1048)
	at org.apache.maven.surefire.testng.TestNGExecutor.run(TestNGExecutor.java:281)
	at org.apache.maven.surefire.testng.TestNGXmlTestSuite.execute(TestNGXmlTestSuite.java:75)
	at org.apache.maven.surefire.testng.TestNGProvider.invoke(TestNGProvider.java:121)
	at org.apache.maven.surefire.booter.ForkedBooter.invokeProviderInSameClassLoader(ForkedBooter.java:290)
	at org.apache.maven.surefire.booter.ForkedBooter.runSuitesInProcess(ForkedBooter.java:242)
	at org.apache.maven.surefire.booter.ForkedBooter.main(ForkedBooter.java:121)
]]>
            </full-stacktrace>
          </exception> <!-- java.lang.AssertionError -->
          <reporter-output>
          </reporter-output>
        </test-method> <!-- testTranslate -->
        <test-method status="FAIL" signature="testTranslate(java.lang.String, java.lang.String, java.lang.String, java.lang.String)[pri:0, instance:hsenid.webapp.TranslatorTest@366e2eef]" name="testTranslate" duration-ms="1" started-at="2016-04-01T15:10:16Z" data-provider="trans_test" finished-at="2016-04-01T15:10:16Z">
          <params>
            <param index="0">
              <value>
                <![CDATA[en]]>
              </value>
            </param>
            <param index="1">
              <value>
                <![CDATA[fr]]>
              </value>
            </param>
            <param index="2">
              <value>
                <![CDATA[%^%$]]>
              </value>
            </param>
            <param index="3">
              <value>
                <![CDATA[java.lang.NullPointerException]]>
              </value>
            </param>
          </params>
          <exception class="java.lang.AssertionError">
            <message>
              <![CDATA[expected object to not be null]]>
            </message>
            <full-stacktrace>
              <![CDATA[java.lang.AssertionError: expected object to not be null
	at org.testng.Assert.fail(Assert.java:94)
	at org.testng.Assert.assertNotNull(Assert.java:406)
	at org.testng.Assert.assertNotNull(Assert.java:391)
	at hsenid.webapp.TranslatorTest.testTranslate(TranslatorTest.java:50)
	at sun.reflect.NativeMethodAccessorImpl.invoke0(Native Method)
	at sun.reflect.NativeMethodAccessorImpl.invoke(NativeMethodAccessorImpl.java:62)
	at sun.reflect.DelegatingMethodAccessorImpl.invoke(DelegatingMethodAccessorImpl.java:43)
	at java.lang.reflect.Method.invoke(Method.java:497)
	at org.testng.internal.MethodInvocationHelper.invokeMethod(MethodInvocationHelper.java:85)
	at org.testng.internal.Invoker.invokeMethod(Invoker.java:639)
	at org.testng.internal.Invoker.invokeTestMethod(Invoker.java:816)
	at org.testng.internal.Invoker.invokeTestMethods(Invoker.java:1124)
	at org.testng.internal.TestMethodWorker.invokeTestMethods(TestMethodWorker.java:125)
	at org.testng.internal.TestMethodWorker.run(TestMethodWorker.java:108)
	at org.testng.TestRunner.privateRun(TestRunner.java:774)
	at org.testng.TestRunner.run(TestRunner.java:624)
	at org.testng.SuiteRunner.runTest(SuiteRunner.java:359)
	at org.testng.SuiteRunner.runSequentially(SuiteRunner.java:354)
	at org.testng.SuiteRunner.privateRun(SuiteRunner.java:312)
	at org.testng.SuiteRunner.run(SuiteRunner.java:261)
	at org.testng.SuiteRunnerWorker.runSuite(SuiteRunnerWorker.java:52)
	at org.testng.SuiteRunnerWorker.run(SuiteRunnerWorker.java:86)
	at org.testng.TestNG.runSuitesSequentially(TestNG.java:1215)
	at org.testng.TestNG.runSuitesLocally(TestNG.java:1140)
	at org.testng.TestNG.run(TestNG.java:1048)
	at org.apache.maven.surefire.testng.TestNGExecutor.run(TestNGExecutor.java:281)
	at org.apache.maven.surefire.testng.TestNGXmlTestSuite.execute(TestNGXmlTestSuite.java:75)
	at org.apache.maven.surefire.testng.TestNGProvider.invoke(TestNGProvider.java:121)
	at org.apache.maven.surefire.booter.ForkedBooter.invokeProviderInSameClassLoader(ForkedBooter.java:290)
	at org.apache.maven.surefire.booter.ForkedBooter.runSuitesInProcess(ForkedBooter.java:242)
	at org.apache.maven.surefire.booter.ForkedBooter.main(ForkedBooter.java:121)
]]>
            </full-stacktrace>
          </exception> <!-- java.lang.AssertionError -->
          <reporter-output>
          </reporter-output>
        </test-method> <!-- testTranslate -->
        <test-method status="PASS" signature="end()[pri:0, instance:hsenid.webapp.TranslatorTest@366e2eef]" name="end" is-config="true" duration-ms="0" started-at="2016-04-01T15:10:16Z" finished-at="2016-04-01T15:10:16Z">
          <reporter-output>
          </reporter-output>
        </test-method> <!-- end -->
      </class> <!-- hsenid.webapp.TranslatorTest -->
    </test> <!-- translate_test -->
  </suite> <!-- TestSuite -->
</testng-results>
